app/build/intermediates/manifest_merge_blame_file/debug/manifest-merger-blame-debug-report.txt
1<?xml version="1.0" encoding="utf-8"?>
2<manifest xmlns:android="http://schemas.android.com/apk/res/android"
3    package="com.zamba.testchat"
4    android:versionCode="34"
5    android:versionName="5.2.3" >
6
7    <uses-sdk
8        android:minSdkVersion="19"
8-->src\main\AndroidManifest.xml
9        android:targetSdkVersion="27" />
9-->src\main\AndroidManifest.xml
10
11    <uses-permission android:name="android.permission.GET_ACCOUNTS" />
11-->src\main\AndroidManifest.xml:6:5-71
11-->src\main\AndroidManifest.xml:6:22-68
12    <uses-permission android:name="android.permission.READ_PHONE_STATE" />
12-->src\main\AndroidManifest.xml:7:5-75
12-->src\main\AndroidManifest.xml:7:22-72
13    <uses-permission android:name="android.permission.ACCESS_COARSE_LOCATION" />
13-->src\main\AndroidManifest.xml:8:5-81
13-->src\main\AndroidManifest.xml:8:22-78
14    <uses-permission android:name="android.permission.ACCESS_FINE_LOCATION" />
14-->src\main\AndroidManifest.xml:9:5-79
14-->src\main\AndroidManifest.xml:9:22-76
15    <uses-permission android:name="android.permission.READ_EXTERNAL_STORAGE" />
15-->src\main\AndroidManifest.xml:10:5-80
15-->src\main\AndroidManifest.xml:10:22-77
16    <uses-permission android:name="android.permission.READ_CONTACTS" />
16-->src\main\AndroidManifest.xml:11:5-72
16-->src\main\AndroidManifest.xml:11:22-69
17    <uses-permission android:name="android.permission.WRITE_EXTERNAL_STORAGE" />
17-->src\main\AndroidManifest.xml:12:5-81
17-->src\main\AndroidManifest.xml:12:22-78
18    <uses-permission android:name="android.permission.CALL_PHONE" />
18-->src\main\AndroidManifest.xml:13:5-69
18-->src\main\AndroidManifest.xml:13:22-66
19    <uses-permission android:name="android.permission.INTERNET" />
19-->src\main\AndroidManifest.xml:14:5-67
19-->src\main\AndroidManifest.xml:14:22-64
20    <uses-permission android:name="android.permission.CAMERA" />
20-->src\main\AndroidManifest.xml:15:5-65
20-->src\main\AndroidManifest.xml:15:22-62
21    <uses-permission android:name="android.permission.ACCESS_NETWORK_STATE" />
21-->src\main\AndroidManifest.xml:16:5-79
21-->src\main\AndroidManifest.xml:16:22-76
22    <uses-permission android:name="android.permission.RECORD_AUDIO" />
22-->src\main\AndroidManifest.xml:17:5-71
22-->src\main\AndroidManifest.xml:17:22-68
23    <uses-permission android:name="android.permission.VIBRATE" />
23-->src\main\AndroidManifest.xml:18:5-66
23-->src\main\AndroidManifest.xml:18:22-63
24    <uses-permission android:name="android.permission.MODIFY_AUDIO_SETTINGS" />
24-->src\main\AndroidManifest.xml:19:5-80
24-->src\main\AndroidManifest.xml:19:22-77
25    <uses-permission android:name="android.permission.READ_PHONE_STATE" />
25-->src\main\AndroidManifest.xml:7:5-75
25-->src\main\AndroidManifest.xml:7:22-72
26    <uses-permission android:name="android.permission.WAKE_LOCK" />
26-->src\main\AndroidManifest.xml:21:5-68
26-->src\main\AndroidManifest.xml:21:22-65
27    <uses-permission android:name="android.permission.DISABLE_KEYGUARD" />
27-->src\main\AndroidManifest.xml:22:5-75
27-->src\main\AndroidManifest.xml:22:22-72
28    <uses-permission android:name="com.google.android.finsky.permission.BIND_GET_INSTALL_REFERRER_SERVICE" />
28-->[com.google.firebase:firebase-analytics:16.0.4] AndroidManifest.xml:26:5-110
28-->[com.google.firebase:firebase-analytics:16.0.4] AndroidManifest.xml:26:22-107
29
30    <uses-feature
30-->[com.google.android.gms:play-services-maps:16.0.0] AndroidManifest.xml:26:5-28:35
31        android:glEsVersion="0x00020000"
31-->[com.google.android.gms:play-services-maps:16.0.0] AndroidManifest.xml:27:9-41
32        android:required="true" /> <!-- Required by older versions of Google Play services to create IID tokens -->
32-->[com.google.android.gms:play-services-maps:16.0.0] AndroidManifest.xml:28:9-32
33    <uses-permission android:name="com.google.android.c2dm.permission.RECEIVE" />
33-->[com.google.firebase:firebase-iid:17.0.4] AndroidManifest.xml:26:5-82
33-->[com.google.firebase:firebase-iid:17.0.4] AndroidManifest.xml:26:22-79
34
35    <application
35-->src\main\AndroidManifest.xml:24:5-140:19
36        android:name="com.zamba.testchat.BaseApplication"
36-->src\main\AndroidManifest.xml:25:9-40
37        android:allowBackup="true"
37-->src\main\AndroidManifest.xml:26:9-35
38        android:appComponentFactory="android.support.v4.app.CoreComponentFactory"
38-->[com.android.support:support-compat:28.0.0] AndroidManifest.xml:22:18-91
39        android:debuggable="true"
40        android:icon="@mipmap/ic_launcher"
40-->src\main\AndroidManifest.xml:27:9-43
41        android:label="@string/app_name"
41-->src\main\AndroidManifest.xml:28:9-41
42        android:supportsRtl="true"
42-->src\main\AndroidManifest.xml:29:9-35
43        android:theme="@style/AppTheme" >
43-->src\main\AndroidManifest.xml:30:9-40
44        <activity android:name="com.zamba.testchat.activities.RegisterActivity" />
44-->src\main\AndroidManifest.xml:31:9-92
44-->src\main\AndroidManifest.xml:31:19-80
45        <activity android:name="com.zamba.testchat.activities.DocumnetsActivity" />
45-->src\main\AndroidManifest.xml:32:9-84
45-->src\main\AndroidManifest.xml:32:19-81
46        <activity android:name="com.zamba.testchat.activities.MapActivity" />
46-->src\main\AndroidManifest.xml:33:9-78
46-->src\main\AndroidManifest.xml:33:19-75
47        <activity android:name="com.zamba.testchat.activities.GalleryActivity" />
47-->src\main\AndroidManifest.xml:34:9-82
47-->src\main\AndroidManifest.xml:34:19-79
48        <activity android:name="com.zamba.testchat.activities.DeviceInfoActivity" />
48-->src\main\AndroidManifest.xml:35:9-85
48-->src\main\AndroidManifest.xml:35:19-82
49        <activity android:name="com.zamba.testchat.activities.AdminChatActivity" />
49-->src\main\AndroidManifest.xml:36:9-84
49-->src\main\AndroidManifest.xml:36:19-81
50        <activity android:name="com.zamba.testchat.activities.AdminActivity" />
50-->src\main\AndroidManifest.xml:37:9-80
50-->src\main\AndroidManifest.xml:37:19-77
51        <activity
51-->src\main\AndroidManifest.xml:38:9-42:70
52            android:name="com.zamba.testchat.activities.MainActivity"
52-->src\main\AndroidManifest.xml:39:13-52
53            android:launchMode="singleTop"
53-->src\main\AndroidManifest.xml:40:13-43
54            android:screenOrientation="portrait"
54-->src\main\AndroidManifest.xml:41:13-49
55            android:windowSoftInputMode="stateHidden|adjustResize" />
55-->src\main\AndroidManifest.xml:42:13-67
56        <activity
56-->src\main\AndroidManifest.xml:43:9-51:20
57            android:name="com.zamba.testchat.activities.ChatActivity"
57-->src\main\AndroidManifest.xml:44:13-52
58            android:parentActivityName="com.zamba.testchat.activities.MainActivity"
58-->src\main\AndroidManifest.xml:45:13-66
59            android:screenOrientation="portrait"
59-->src\main\AndroidManifest.xml:46:13-49
60            android:windowSoftInputMode="stateHidden|adjustResize" >
60-->src\main\AndroidManifest.xml:47:13-67
61            <meta-data
61-->src\main\AndroidManifest.xml:48:13-50:78
62                android:name="android.support.PARENT_ACTIVITY"
62-->src\main\AndroidManifest.xml:49:17-63
63                android:value="com.zamba.testchat.activities.MainActivity" />
63-->src\main\AndroidManifest.xml:50:17-75
64        </activity>
65        <activity android:name="com.zamba.testchat.activities.ImageViewerActivity" />
65-->src\main\AndroidManifest.xml:52:9-68
65-->src\main\AndroidManifest.xml:52:19-65
66
67        <service
67-->src\main\AndroidManifest.xml:54:9-56:38
68            android:name="com.zamba.testchat.services.FirebaseChatService"
68-->src\main\AndroidManifest.xml:55:13-57
69            android:enabled="true" />
69-->src\main\AndroidManifest.xml:56:13-35
70        <service android:name="com.zamba.testchat.services.MyFirebaseMessagingService" >
70-->src\main\AndroidManifest.xml:57:9-61:19
70-->src\main\AndroidManifest.xml:57:18-69
71            <intent-filter>
71-->src\main\AndroidManifest.xml:58:13-60:29
72                <action android:name="com.google.firebase.MESSAGING_EVENT" />
72-->src\main\AndroidManifest.xml:59:17-78
72-->src\main\AndroidManifest.xml:59:25-75
73            </intent-filter>
74        </service>
75        <service android:name="com.zamba.testchat.services.MyFirebaseInstanceIDService" >
75-->src\main\AndroidManifest.xml:62:9-66:19
75-->src\main\AndroidManifest.xml:62:18-70
76            <intent-filter>
76-->src\main\AndroidManifest.xml:63:13-65:29
77                <action android:name="com.google.firebase.INSTANCE_ID_EVENT" />
77-->src\main\AndroidManifest.xml:64:17-80
77-->src\main\AndroidManifest.xml:64:25-77
78            </intent-filter>
79        </service>
80
81        <receiver
81-->src\main\AndroidManifest.xml:68:9-74:20
82            android:name="com.zamba.testchat.receivers.ConnectivityReceiver"
82-->src\main\AndroidManifest.xml:69:13-59
83            android:enabled="true" >
83-->src\main\AndroidManifest.xml:70:13-35
84            <intent-filter>
84-->src\main\AndroidManifest.xml:71:13-73:29
85                <action android:name="android.net.conn.CONNECTIVITY_CHANGE" />
85-->src\main\AndroidManifest.xml:72:17-79
85-->src\main\AndroidManifest.xml:72:25-76
86            </intent-filter>
87        </receiver> <!-- https://fabric.io/kits/android/crashlytics/install -->
88        <meta-data
88-->src\main\AndroidManifest.xml:75:9-77:72
89            android:name="io.fabric.ApiKey"
89-->src\main\AndroidManifest.xml:76:13-44
90            android:value="17b40bdf5ff3c54ee2726dfcee4d7d8ccf5cd79c" /> <!-- https://developers.google.com/places/android-sdk/signup -->
90-->src\main\AndroidManifest.xml:77:13-69
91        <meta-data
91-->src\main\AndroidManifest.xml:78:9-80:71
92            android:name="com.google.android.geo.API_KEY"
92-->src\main\AndroidManifest.xml:79:13-58
93            android:value="AIzaSyBQm6W7VOsx5V9m2GYmfhUDvBb15IzT9UE" />
93-->src\main\AndroidManifest.xml:80:13-68
94        <meta-data
94-->src\main\AndroidManifest.xml:81:9-83:69
95            android:name="com.google.android.gms.version"
95-->src\main\AndroidManifest.xml:82:13-58
96            android:value="@integer/google_play_services_version" /> <!-- https://developers.google.com/admob/android/quick-start#update_your_androidmanifestxml -->
96-->src\main\AndroidManifest.xml:83:13-66
97
98        <meta-data
98-->src\main\AndroidManifest.xml:86:9-88:52
99            android:name="com.google.android.gms.ads.APPLICATION_ID"
99-->src\main\AndroidManifest.xml:87:13-69
100            android:value="@string/admob_app_id" />
100-->src\main\AndroidManifest.xml:88:13-49
101
102        <provider
102-->src\main\AndroidManifest.xml:90:9-99:20
103            android:name="com.zamba.testchat.utils.MyFileProvider"
103-->src\main\AndroidManifest.xml:91:13-49
104            android:authorities="@string/authority"
104-->src\main\AndroidManifest.xml:92:13-52
105            android:exported="false"
105-->src\main\AndroidManifest.xml:93:13-37
106            android:grantUriPermissions="true" >
106-->src\main\AndroidManifest.xml:94:13-47
107            <meta-data
107-->src\main\AndroidManifest.xml:96:13-98:54
108                android:name="android.support.FILE_PROVIDER_PATHS"
108-->src\main\AndroidManifest.xml:97:17-67
109                android:resource="@xml/file_paths" />
109-->src\main\AndroidManifest.xml:98:17-51
110        </provider>
111
112        <activity
112-->src\main\AndroidManifest.xml:101:9-104:70
113            android:name="com.zamba.testchat.activities.ContactViewerActivity"
113-->src\main\AndroidManifest.xml:102:13-61
114            android:screenOrientation="portrait"
114-->src\main\AndroidManifest.xml:103:13-49
115            android:windowSoftInputMode="stateHidden|adjustResize" />
115-->src\main\AndroidManifest.xml:104:13-67
116        <activity
116-->src\main\AndroidManifest.xml:105:9-108:70
117            android:name="com.zamba.testchat.activities.ChatDetailActivity"
117-->src\main\AndroidManifest.xml:106:13-58
118            android:screenOrientation="portrait"
118-->src\main\AndroidManifest.xml:107:13-49
119            android:windowSoftInputMode="stateHidden|adjustResize" />
119-->src\main\AndroidManifest.xml:108:13-67
120        <activity
120-->src\main\AndroidManifest.xml:109:9-113:70
121            android:name="com.zamba.testchat.activities.SignInActivity"
121-->src\main\AndroidManifest.xml:110:13-54
122            android:screenOrientation="portrait"
122-->src\main\AndroidManifest.xml:111:13-49
123            android:theme="@style/AppTheme.NoTitle"
123-->src\main\AndroidManifest.xml:112:13-52
124            android:windowSoftInputMode="stateHidden|adjustResize" />
124-->src\main\AndroidManifest.xml:113:13-67
125        <activity
125-->src\main\AndroidManifest.xml:114:9-116:52
126            android:name="com.zamba.testchat.activities.CallScreenActivity"
126-->src\main\AndroidManifest.xml:115:13-58
127            android:screenOrientation="portrait" />
127-->src\main\AndroidManifest.xml:116:13-49
128        <activity
128-->src\main\AndroidManifest.xml:117:9-119:52
129            android:name="com.zamba.testchat.activities.IncomingCallScreenActivity"
129-->src\main\AndroidManifest.xml:118:13-66
130            android:screenOrientation="portrait" />
130-->src\main\AndroidManifest.xml:119:13-49
131        <activity
131-->src\main\AndroidManifest.xml:120:9-131:20
132            android:name="com.zamba.testchat.activities.SplashActivity"
132-->src\main\AndroidManifest.xml:121:13-54
133            android:screenOrientation="portrait"
133-->src\main\AndroidManifest.xml:122:13-49
134            android:theme="@style/AppTheme.NoTitle"
134-->src\main\AndroidManifest.xml:123:13-52
135            android:windowSoftInputMode="stateHidden|adjustResize" >
135-->src\main\AndroidManifest.xml:124:13-67
136            <intent-filter>
136-->src\main\AndroidManifest.xml:125:13-130:29
137                <action android:name="android.intent.action.VIEW" />
137-->src\main\AndroidManifest.xml:126:17-69
137-->src\main\AndroidManifest.xml:126:25-66
138                <action android:name="android.intent.action.MAIN" />
138-->src\main\AndroidManifest.xml:127:17-69
138-->src\main\AndroidManifest.xml:127:25-66
139
140                <category android:name="android.intent.category.LAUNCHER" />
140-->src\main\AndroidManifest.xml:129:17-77
140-->src\main\AndroidManifest.xml:129:27-74
141            </intent-filter>
142        </activity>
143
144        <service
144-->src\main\AndroidManifest.xml:133:9-135:40
145            android:name="com.zamba.testchat.services.FetchMyUsersService"
145-->src\main\AndroidManifest.xml:134:13-57
146            android:exported="false" />
146-->src\main\AndroidManifest.xml:135:13-37
147        <service
147-->src\main\AndroidManifest.xml:136:9-139:40
148            android:name="com.zamba.testchat.services.SinchService"
148-->src\main\AndroidManifest.xml:137:13-50
149            android:enabled="true"
149-->src\main\AndroidManifest.xml:138:13-35
150            android:exported="false" />
150-->src\main\AndroidManifest.xml:139:13-37
151        <service android:name="com.sinch.android.rtc.internal.client.fcm.InstanceIDTokenService" >
151-->[:sinch-android-rtc:3.12.5] AndroidManifest.xml:12:9-16:19
151-->[:sinch-android-rtc:3.12.5] AndroidManifest.xml:12:18-97
152            <intent-filter>
152-->src\main\AndroidManifest.xml:63:13-65:29
153                <action android:name="com.google.firebase.INSTANCE_ID_EVENT" />
153-->src\main\AndroidManifest.xml:64:17-80
153-->src\main\AndroidManifest.xml:64:25-77
154            </intent-filter>
155        </service>
156
157        <activity
157-->[com.google.firebase:firebase-auth:16.0.5] AndroidManifest.xml:24:9-31:50
158            android:name="com.google.firebase.auth.internal.FederatedSignInActivity"
158-->[com.google.firebase:firebase-auth:16.0.5] AndroidManifest.xml:25:13-85
159            android:excludeFromRecents="true"
159-->[com.google.firebase:firebase-auth:16.0.5] AndroidManifest.xml:26:13-46
160            android:exported="true"
160-->[com.google.firebase:firebase-auth:16.0.5] AndroidManifest.xml:27:13-36
161            android:launchMode="singleTask"
161-->[com.google.firebase:firebase-auth:16.0.5] AndroidManifest.xml:28:13-44
162            android:permission="com.google.firebase.auth.api.gms.permission.LAUNCH_FEDERATED_SIGN_IN"
162-->[com.google.firebase:firebase-auth:16.0.5] AndroidManifest.xml:29:13-102
163            android:theme="@android:style/Theme.Translucent.NoTitleBar" />
163-->[com.google.firebase:firebase-auth:16.0.5] AndroidManifest.xml:30:13-72
164
165        <service
165-->[com.google.firebase:firebase-auth:16.0.5] AndroidManifest.xml:33:9-39:19
166            android:name="com.google.firebase.components.ComponentDiscoveryService"
166-->[com.google.firebase:firebase-auth:16.0.5] AndroidManifest.xml:34:13-84
167            android:exported="false" >
167-->[com.google.firebase:firebase-auth:16.0.5] AndroidManifest.xml:35:13-37
168            <meta-data
168-->[com.google.firebase:firebase-auth:16.0.5] AndroidManifest.xml:36:13-38:85
169                android:name="com.google.firebase.components:com.google.firebase.auth.FirebaseAuthRegistrar"
169-->[com.google.firebase:firebase-auth:16.0.5] AndroidManifest.xml:37:17-109
170                android:value="com.google.firebase.components.ComponentRegistrar" />
170-->[com.google.firebase:firebase-auth:16.0.5] AndroidManifest.xml:38:17-82
171            <meta-data
171-->[com.google.firebase:firebase-measurement-connector-impl:17.0.2] AndroidManifest.xml:28:13-30:85
172                android:name="com.google.firebase.components:com.google.firebase.analytics.connector.internal.AnalyticsConnectorRegistrar"
172-->[com.google.firebase:firebase-measurement-connector-impl:17.0.2] AndroidManifest.xml:29:17-139
173                android:value="com.google.firebase.components.ComponentRegistrar" />
173-->[com.google.firebase:firebase-measurement-connector-impl:17.0.2] AndroidManifest.xml:30:17-82
174            <meta-data
174-->[com.google.firebase:firebase-iid:17.0.4] AndroidManifest.xml:32:13-34:85
175                android:name="com.google.firebase.components:com.google.firebase.iid.Registrar"
175-->[com.google.firebase:firebase-iid:17.0.4] AndroidManifest.xml:33:17-96
176                android:value="com.google.firebase.components.ComponentRegistrar" />
176-->[com.google.firebase:firebase-iid:17.0.4] AndroidManifest.xml:34:17-82
177        </service>
178        <!--
179             FirebaseMessagingService performs security checks at runtime,
180             no need for explicit permissions despite exported="true"
181        -->
182        <service
182-->[com.google.firebase:firebase-messaging:17.3.4] AndroidManifest.xml:28:9-34:19
183            android:name="com.google.firebase.messaging.FirebaseMessagingService"
183-->[com.google.firebase:firebase-messaging:17.3.4] AndroidManifest.xml:29:13-82
184            android:exported="true" >
184-->[com.google.firebase:firebase-messaging:17.3.4] AndroidManifest.xml:30:13-36
185            <intent-filter android:priority="-500" >
185-->src\main\AndroidManifest.xml:58:13-60:29
186                <action android:name="com.google.firebase.MESSAGING_EVENT" />
186-->src\main\AndroidManifest.xml:59:17-78
186-->src\main\AndroidManifest.xml:59:25-75
187            </intent-filter>
188        </service>
189
190        <provider
190-->[com.kbeanie:multipicker:1.5] AndroidManifest.xml:12:9-20:20
191            android:name="com.kbeanie.multipicker.utils.AMPFileProvider"
191-->[com.kbeanie:multipicker:1.5] AndroidManifest.xml:13:13-73
192            android:authorities="com.zamba.testchat.multipicker.fileprovider"
192-->[com.kbeanie:multipicker:1.5] AndroidManifest.xml:14:13-76
193            android:exported="false"
193-->[com.kbeanie:multipicker:1.5] AndroidManifest.xml:15:13-37
194            android:grantUriPermissions="true" >
194-->[com.kbeanie:multipicker:1.5] AndroidManifest.xml:16:13-47
195            <meta-data
195-->src\main\AndroidManifest.xml:96:13-98:54
196                android:name="android.support.FILE_PROVIDER_PATHS"
196-->src\main\AndroidManifest.xml:97:17-67
197                android:resource="@xml/paths" />
197-->src\main\AndroidManifest.xml:98:17-51
198        </provider>
199        <provider
199-->[com.crashlytics.sdk.android:crashlytics:2.10.1] AndroidManifest.xml:19:9-23:38
200            android:name="com.crashlytics.android.CrashlyticsInitProvider"
200-->[com.crashlytics.sdk.android:crashlytics:2.10.1] AndroidManifest.xml:20:13-75
201            android:authorities="com.zamba.testchat.crashlyticsinitprovider"
201-->[com.crashlytics.sdk.android:crashlytics:2.10.1] AndroidManifest.xml:21:13-75
202            android:exported="false"
202-->[com.crashlytics.sdk.android:crashlytics:2.10.1] AndroidManifest.xml:22:13-37
203            android:initOrder="90" />
203-->[com.crashlytics.sdk.android:crashlytics:2.10.1] AndroidManifest.xml:23:13-35
204
205        <receiver
205-->[com.google.firebase:firebase-analytics:16.0.4] AndroidManifest.xml:29:9-33:20
206            android:name="com.google.android.gms.measurement.AppMeasurementReceiver"
206-->[com.google.firebase:firebase-analytics:16.0.4] AndroidManifest.xml:30:13-85
207            android:enabled="true"
207-->[com.google.firebase:firebase-analytics:16.0.4] AndroidManifest.xml:31:13-35
208            android:exported="false" >
208-->[com.google.firebase:firebase-analytics:16.0.4] AndroidManifest.xml:32:13-37
209        </receiver>
210        <receiver
210-->[com.google.firebase:firebase-analytics:16.0.4] AndroidManifest.xml:34:9-42:20
211            android:name="com.google.android.gms.measurement.AppMeasurementInstallReferrerReceiver"
211-->[com.google.firebase:firebase-analytics:16.0.4] AndroidManifest.xml:35:13-100
212            android:enabled="true"
212-->[com.google.firebase:firebase-analytics:16.0.4] AndroidManifest.xml:36:13-35
213            android:exported="true"
213-->[com.google.firebase:firebase-analytics:16.0.4] AndroidManifest.xml:37:13-36
214            android:permission="android.permission.INSTALL_PACKAGES" >
214-->[com.google.firebase:firebase-analytics:16.0.4] AndroidManifest.xml:38:13-69
215            <intent-filter>
215-->[com.google.firebase:firebase-analytics:16.0.4] AndroidManifest.xml:39:13-41:29
216                <action android:name="com.android.vending.INSTALL_REFERRER" />
216-->[com.google.firebase:firebase-analytics:16.0.4] AndroidManifest.xml:40:17-79
216-->[com.google.firebase:firebase-analytics:16.0.4] AndroidManifest.xml:40:25-76
217            </intent-filter>
218        </receiver>
219
220        <service
220-->[com.google.firebase:firebase-analytics:16.0.4] AndroidManifest.xml:44:9-47:40
221            android:name="com.google.android.gms.measurement.AppMeasurementService"
221-->[com.google.firebase:firebase-analytics:16.0.4] AndroidManifest.xml:45:13-84
222            android:enabled="true"
222-->[com.google.firebase:firebase-analytics:16.0.4] AndroidManifest.xml:46:13-35
223            android:exported="false" />
223-->[com.google.firebase:firebase-analytics:16.0.4] AndroidManifest.xml:47:13-37
224        <service
224-->[com.google.firebase:firebase-analytics:16.0.4] AndroidManifest.xml:48:9-52:72
225            android:name="com.google.android.gms.measurement.AppMeasurementJobService"
225-->[com.google.firebase:firebase-analytics:16.0.4] AndroidManifest.xml:49:13-87
226            android:enabled="true"
226-->[com.google.firebase:firebase-analytics:16.0.4] AndroidManifest.xml:50:13-35
227            android:exported="false"
227-->[com.google.firebase:firebase-analytics:16.0.4] AndroidManifest.xml:51:13-37
228            android:permission="android.permission.BIND_JOB_SERVICE" />
228-->[com.google.firebase:firebase-analytics:16.0.4] AndroidManifest.xml:52:13-69
229
230        <receiver
230-->[com.google.firebase:firebase-iid:17.0.4] AndroidManifest.xml:37:9-44:20
231            android:name="com.google.firebase.iid.FirebaseInstanceIdReceiver"
231-->[com.google.firebase:firebase-iid:17.0.4] AndroidManifest.xml:38:13-78
232            android:exported="true"
232-->[com.google.firebase:firebase-iid:17.0.4] AndroidManifest.xml:39:13-36
233            android:permission="com.google.android.c2dm.permission.SEND" >
233-->[com.google.firebase:firebase-iid:17.0.4] AndroidManifest.xml:40:13-73
234            <intent-filter>
234-->[com.google.firebase:firebase-iid:17.0.4] AndroidManifest.xml:41:13-43:29
235                <action android:name="com.google.android.c2dm.intent.RECEIVE" />
235-->[com.google.firebase:firebase-iid:17.0.4] AndroidManifest.xml:42:17-81
235-->[com.google.firebase:firebase-iid:17.0.4] AndroidManifest.xml:42:25-78
236            </intent-filter>
237        </receiver>
238        <!--
239             FirebaseInstanceIdService performs security checks at runtime,
240             no need for explicit permissions despite exported="true"
241        -->
242        <service
242-->[com.google.firebase:firebase-iid:17.0.4] AndroidManifest.xml:50:9-56:19
243            android:name="com.google.firebase.iid.FirebaseInstanceIdService"
243-->[com.google.firebase:firebase-iid:17.0.4] AndroidManifest.xml:51:13-77
244            android:exported="true" >
244-->[com.google.firebase:firebase-iid:17.0.4] AndroidManifest.xml:52:13-36
245            <intent-filter android:priority="-500" >
245-->src\main\AndroidManifest.xml:63:13-65:29
246                <action android:name="com.google.firebase.INSTANCE_ID_EVENT" />
246-->src\main\AndroidManifest.xml:64:17-80
246-->src\main\AndroidManifest.xml:64:25-77
247            </intent-filter>
248        </service>
249
250        <activity
250-->[com.google.android.gms:play-services-base:16.0.1] AndroidManifest.xml:23:9-26:75
251            android:name="com.google.android.gms.common.api.GoogleApiActivity"
251-->[com.google.android.gms:play-services-base:16.0.1] AndroidManifest.xml:24:13-79
252            android:exported="false"
252-->[com.google.android.gms:play-services-base:16.0.1] AndroidManifest.xml:25:13-37
253            android:theme="@android:style/Theme.Translucent.NoTitleBar" />
253-->[com.google.android.gms:play-services-base:16.0.1] AndroidManifest.xml:26:13-72
254
255        <provider
255-->[com.google.firebase:firebase-common:16.0.3] AndroidManifest.xml:10:9-14:39
256            android:name="com.google.firebase.provider.FirebaseInitProvider"
256-->[com.google.firebase:firebase-common:16.0.3] AndroidManifest.xml:11:13-77
257            android:authorities="com.zamba.testchat.firebaseinitprovider"
257-->[com.google.firebase:firebase-common:16.0.3] AndroidManifest.xml:12:13-72
258            android:exported="false"
258-->[com.google.firebase:firebase-common:16.0.3] AndroidManifest.xml:13:13-37
259            android:initOrder="100" /> <!-- Include the AdActivity and InAppPurchaseActivity configChanges and themes. -->
259-->[com.google.firebase:firebase-common:16.0.3] AndroidManifest.xml:14:13-36
260        <activity
260-->[com.google.android.gms:play-services-ads-lite:17.0.0] AndroidManifest.xml:29:9-33:64
261            android:name="com.google.android.gms.ads.AdActivity"
261-->[com.google.android.gms:play-services-ads-lite:17.0.0] AndroidManifest.xml:30:13-65
262            android:configChanges="keyboard|keyboardHidden|orientation|screenLayout|uiMode|screenSize|smallestScreenSize"
262-->[com.google.android.gms:play-services-ads-lite:17.0.0] AndroidManifest.xml:31:13-122
263            android:exported="false"
263-->[com.google.android.gms:play-services-ads-lite:17.0.0] AndroidManifest.xml:32:13-37
264            android:theme="@android:style/Theme.Translucent" />
264-->[com.google.android.gms:play-services-ads-lite:17.0.0] AndroidManifest.xml:33:13-61
265
266        <provider
266-->[com.google.android.gms:play-services-ads-lite:17.0.0] AndroidManifest.xml:35:9-39:39
267            android:name="com.google.android.gms.ads.MobileAdsInitProvider"
267-->[com.google.android.gms:play-services-ads-lite:17.0.0] AndroidManifest.xml:36:13-76
268            android:authorities="com.zamba.testchat.mobileadsinitprovider"
268-->[com.google.android.gms:play-services-ads-lite:17.0.0] AndroidManifest.xml:37:13-73
269            android:exported="false"
269-->[com.google.android.gms:play-services-ads-lite:17.0.0] AndroidManifest.xml:38:13-37
270            android:initOrder="100" />
270-->[com.google.android.gms:play-services-ads-lite:17.0.0] AndroidManifest.xml:39:13-36
271
272        <meta-data
272-->[com.android.support:support-v4:26.1.0] AndroidManifest.xml:26:9-28:38
273            android:name="android.support.VERSION"
273-->[com.android.support:support-v4:26.1.0] AndroidManifest.xml:27:13-51
274            android:value="26.1.0" />
274-->[com.android.support:support-v4:26.1.0] AndroidManifest.xml:28:13-35
275    </application>
276
277</manifest>